<?xml version="1.0" encoding="UTF-8"?>
<testng-results ignored="0" total="4" passed="4" failed="0" skipped="0">
  <reporter-output>
  </reporter-output>
  <suite started-at="2023-04-05T13:16:09 IST" name="PetStoreUserSuite" finished-at="2023-04-05T13:16:34 IST" duration-ms="24954">
    <groups>
    </groups>
    <test started-at="2023-04-05T13:16:09 IST" name="PetUserTest" finished-at="2023-04-05T13:16:34 IST" duration-ms="24954">
      <class name="api.test.UserTests2">
        <test-method is-config="true" signature="setupData()[pri:0, instance:api.test.UserTests2@f5ac9e4]" started-at="2023-04-05T13:16:10 IST" name="setupData" finished-at="2023-04-05T13:16:11 IST" duration-ms="1652" status="PASS">
          <reporter-output>
          </reporter-output>
        </test-method> <!-- setupData -->
        <test-method signature="testPostUser()[pri:1, instance:api.test.UserTests2@f5ac9e4]" started-at="2023-04-05T13:16:11 IST" name="testPostUser" finished-at="2023-04-05T13:16:19 IST" duration-ms="7905" status="PASS">
          <reporter-output>
          </reporter-output>
        </test-method> <!-- testPostUser -->
        <test-method signature="testGetUserByName()[pri:2, instance:api.test.UserTests2@f5ac9e4]" started-at="2023-04-05T13:16:19 IST" name="testGetUserByName" finished-at="2023-04-05T13:16:23 IST" duration-ms="3760" status="PASS">
          <reporter-output>
          </reporter-output>
        </test-method> <!-- testGetUserByName -->
        <test-method signature="testUpdateUserByName()[pri:3, instance:api.test.UserTests2@f5ac9e4]" started-at="2023-04-05T13:16:23 IST" name="testUpdateUserByName" finished-at="2023-04-05T13:16:30 IST" duration-ms="7301" status="PASS">
          <reporter-output>
          </reporter-output>
        </test-method> <!-- testUpdateUserByName -->
        <test-method signature="testDeleteUserByName()[pri:4, instance:api.test.UserTests2@f5ac9e4]" started-at="2023-04-05T13:16:30 IST" name="testDeleteUserByName" finished-at="2023-04-05T13:16:34 IST" duration-ms="3606" status="PASS">
          <reporter-output>
          </reporter-output>
        </test-method> <!-- testDeleteUserByName -->
      </class> <!-- api.test.UserTests2 -->
    </test> <!-- PetUserTest -->
  </suite> <!-- PetStoreUserSuite -->
</testng-results>
