<?xml version="1.0" encoding="UTF-8"?>
<!-- Generated by org.testng.reporters.JUnitXMLReporter -->
<testsuite ignored="0" hostname="din83000439" failures="0" tests="4" name="PetUserTest" time="24.954" errors="0" timestamp="2023-04-05T13:16:34 IST">
  <testcase classname="api.test.UserTests2" name="testPostUser" time="7.905"/>
  <testcase classname="api.test.UserTests2" name="testGetUserByName" time="3.76"/>
  <testcase classname="api.test.UserTests2" name="testUpdateUserByName" time="7.301"/>
  <testcase classname="api.test.UserTests2" name="testDeleteUserByName" time="3.606"/>
</testsuite> <!-- PetUserTest -->
